scrape-subito	UNKNOWN STEP	﻿2026-04-07T13:05:04.7742150Z Current runner version: '2.333.1'
scrape-subito	UNKNOWN STEP	2026-04-07T13:05:04.7744900Z Runner name: 'mac-mini-luke'
scrape-subito	UNKNOWN STEP	2026-04-07T13:05:04.7745220Z Runner group name: 'Default'
scrape-subito	UNKNOWN STEP	2026-04-07T13:05:04.7745650Z Machine name: 'Mac-mini'
scrape-subito	UNKNOWN STEP	2026-04-07T13:05:04.7746880Z ##[group]GITHUB_TOKEN Permissions
scrape-subito	UNKNOWN STEP	2026-04-07T13:05:04.7747710Z Contents: write
scrape-subito	UNKNOWN STEP	2026-04-07T13:05:04.7747920Z Metadata: read
scrape-subito	UNKNOWN STEP	2026-04-07T13:05:04.7748150Z ##[endgroup]
scrape-subito	UNKNOWN STEP	2026-04-07T13:05:04.7748970Z Secret source: Actions
scrape-subito	UNKNOWN STEP	2026-04-07T13:05:04.7749240Z Prepare workflow directory
scrape-subito	UNKNOWN STEP	2026-04-07T13:05:04.8074390Z Prepare all required actions
scrape-subito	UNKNOWN STEP	2026-04-07T13:05:04.8091850Z Getting action download info
scrape-subito	UNKNOWN STEP	2026-04-07T13:05:05.5586960Z Download action repository 'actions/checkout@v4' (SHA:34e114876b0b11c390a56381ad16ebd13914f8d5)
scrape-subito	UNKNOWN STEP	2026-04-07T13:05:06.2348870Z Download action repository 'actions/setup-python@v5' (SHA:a26af69be951a213d495a4c3e4e4022e16d87065)
scrape-subito	UNKNOWN STEP	2026-04-07T13:05:06.8406050Z Download action repository 'actions/upload-artifact@v4' (SHA:ea165f8d65b6e75b540449e92b4886f43607fa02)
scrape-subito	UNKNOWN STEP	2026-04-07T13:05:07.5263760Z Complete job name: scrape-subito
scrape-subito	UNKNOWN STEP	2026-04-07T13:05:07.5481960Z ##[group]Run actions/checkout@v4
scrape-subito	UNKNOWN STEP	2026-04-07T13:05:07.5482150Z with:
scrape-subito	UNKNOWN STEP	2026-04-07T13:05:07.5482340Z   token: ***
scrape-subito	UNKNOWN STEP	2026-04-07T13:05:07.5482430Z   repository: LukePalmDev/trader
scrape-subito	UNKNOWN STEP	2026-04-07T13:05:07.5482530Z   ssh-strict: true
scrape-subito	UNKNOWN STEP	2026-04-07T13:05:07.5482610Z   ssh-user: git
scrape-subito	UNKNOWN STEP	2026-04-07T13:05:07.5482690Z   persist-credentials: true
scrape-subito	UNKNOWN STEP	2026-04-07T13:05:07.5482780Z   clean: true
scrape-subito	UNKNOWN STEP	2026-04-07T13:05:07.5482860Z   sparse-checkout-cone-mode: true
scrape-subito	UNKNOWN STEP	2026-04-07T13:05:07.5482970Z   fetch-depth: 1
scrape-subito	UNKNOWN STEP	2026-04-07T13:05:07.5483050Z   fetch-tags: false
scrape-subito	UNKNOWN STEP	2026-04-07T13:05:07.5483130Z   show-progress: true
scrape-subito	UNKNOWN STEP	2026-04-07T13:05:07.5483210Z   lfs: false
scrape-subito	UNKNOWN STEP	2026-04-07T13:05:07.5483290Z   submodules: false
scrape-subito	UNKNOWN STEP	2026-04-07T13:05:07.5483370Z   set-safe-directory: true
scrape-subito	UNKNOWN STEP	2026-04-07T13:05:07.5483510Z env:
scrape-subito	UNKNOWN STEP	2026-04-07T13:05:07.5483590Z   TRADER_PLAYWRIGHT_CHANNEL: chromium
scrape-subito	UNKNOWN STEP	2026-04-07T13:05:07.5483710Z   TRADER_VIEWER_OPEN_BROWSER: false
scrape-subito	UNKNOWN STEP	2026-04-07T13:05:07.5483870Z   TRADER_TELEGRAM_TOKEN: ***
scrape-subito	UNKNOWN STEP	2026-04-07T13:05:07.5484010Z   TRADER_TELEGRAM_CHAT_ID: ***
scrape-subito	UNKNOWN STEP	2026-04-07T13:05:07.5484110Z ##[endgroup]
scrape-subito	UNKNOWN STEP	2026-04-07T13:05:07.6253010Z Syncing repository: LukePalmDev/trader
scrape-subito	UNKNOWN STEP	2026-04-07T13:05:07.6253650Z ##[group]Getting Git version info
scrape-subito	UNKNOWN STEP	2026-04-07T13:05:07.6253840Z Working directory is '/Users/luke/actions-runner/_work/trader/trader'
scrape-subito	UNKNOWN STEP	2026-04-07T13:05:07.6254160Z [command]/usr/bin/git version
scrape-subito	UNKNOWN STEP	2026-04-07T13:05:07.6317390Z git version 2.50.1 (Apple Git-155)
scrape-subito	UNKNOWN STEP	2026-04-07T13:05:07.6328060Z ##[endgroup]
scrape-subito	UNKNOWN STEP	2026-04-07T13:05:07.6334420Z Temporarily overriding HOME='/Users/luke/actions-runner/_work/_temp/f6ee3da3-105b-4172-b913-343f56e29129' before making global git config changes
scrape-subito	UNKNOWN STEP	2026-04-07T13:05:07.6334860Z Adding repository directory to the temporary git global config as a safe directory
scrape-subito	UNKNOWN STEP	2026-04-07T13:05:07.6337320Z [command]/usr/bin/git config --global --add safe.directory /Users/luke/actions-runner/_work/trader/trader
scrape-subito	UNKNOWN STEP	2026-04-07T13:05:07.6437420Z Deleting the contents of '/Users/luke/actions-runner/_work/trader/trader'
scrape-subito	UNKNOWN STEP	2026-04-07T13:05:07.6437820Z ##[group]Initializing the repository
scrape-subito	UNKNOWN STEP	2026-04-07T13:05:07.6438020Z [command]/usr/bin/git init /Users/luke/actions-runner/_work/trader/trader
scrape-subito	UNKNOWN STEP	2026-04-07T13:05:07.6556490Z Initialized empty Git repository in /Users/luke/actions-runner/_work/trader/trader/.git/
scrape-subito	UNKNOWN STEP	2026-04-07T13:05:07.6561410Z [command]/usr/bin/git remote add origin https://github.com/LukePalmDev/trader
scrape-subito	UNKNOWN STEP	2026-04-07T13:05:07.6639940Z ##[endgroup]
scrape-subito	UNKNOWN STEP	2026-04-07T13:05:07.6640150Z ##[group]Disabling automatic garbage collection
scrape-subito	UNKNOWN STEP	2026-04-07T13:05:07.6641460Z [command]/usr/bin/git config --local gc.auto 0
scrape-subito	UNKNOWN STEP	2026-04-07T13:05:07.6714070Z ##[endgroup]
scrape-subito	UNKNOWN STEP	2026-04-07T13:05:07.6714260Z ##[group]Setting up auth
scrape-subito	UNKNOWN STEP	2026-04-07T13:05:07.6716960Z [command]/usr/bin/git config --local --name-only --get-regexp core\.sshCommand
scrape-subito	UNKNOWN STEP	2026-04-07T13:05:07.6819690Z [command]/usr/bin/git submodule foreach --recursive sh -c "git config --local --name-only --get-regexp 'core\.sshCommand' && git config --local --unset-all 'core.sshCommand' || :"
scrape-subito	UNKNOWN STEP	2026-04-07T13:05:07.9638950Z [command]/usr/bin/git config --local --name-only --get-regexp http\.https\:\/\/github\.com\/\.extraheader
scrape-subito	UNKNOWN STEP	2026-04-07T13:05:07.9708960Z [command]/usr/bin/git submodule foreach --recursive sh -c "git config --local --name-only --get-regexp 'http\.https\:\/\/github\.com\/\.extraheader' && git config --local --unset-all 'http.https://github.com/.extraheader' || :"
scrape-subito	UNKNOWN STEP	2026-04-07T13:05:08.0183910Z [command]/usr/bin/git config --local --name-only --get-regexp ^includeIf\.gitdir:
scrape-subito	UNKNOWN STEP	2026-04-07T13:05:08.0255200Z [command]/usr/bin/git submodule foreach --recursive git config --local --show-origin --name-only --get-regexp remote.origin.url
scrape-subito	UNKNOWN STEP	2026-04-07T13:05:08.0720080Z [command]/usr/bin/git config --local http.https://github.com/.extraheader AUTHORIZATION: basic ***
scrape-subito	UNKNOWN STEP	2026-04-07T13:05:08.0791580Z ##[endgroup]
scrape-subito	UNKNOWN STEP	2026-04-07T13:05:08.0791820Z ##[group]Fetching the repository
scrape-subito	UNKNOWN STEP	2026-04-07T13:05:08.0794880Z [command]/usr/bin/git -c protocol.version=2 fetch --no-tags --prune --no-recurse-submodules --depth=1 origin +d8661bc3b0c9d12106c0f673f610b7607bc5fd35:refs/remotes/origin/main
scrape-subito	UNKNOWN STEP	2026-04-07T13:05:11.7119390Z From https://github.com/LukePalmDev/trader
scrape-subito	UNKNOWN STEP	2026-04-07T13:05:11.7119720Z  * [new ref]         d8661bc3b0c9d12106c0f673f610b7607bc5fd35 -> origin/main
scrape-subito	UNKNOWN STEP	2026-04-07T13:05:11.7156300Z ##[endgroup]
scrape-subito	UNKNOWN STEP	2026-04-07T13:05:11.7156530Z ##[group]Determining the checkout info
scrape-subito	UNKNOWN STEP	2026-04-07T13:05:11.7157130Z ##[endgroup]
scrape-subito	UNKNOWN STEP	2026-04-07T13:05:11.7159300Z [command]/usr/bin/git sparse-checkout disable
scrape-subito	UNKNOWN STEP	2026-04-07T13:05:11.7234900Z [command]/usr/bin/git config --local --unset-all extensions.worktreeConfig
scrape-subito	UNKNOWN STEP	2026-04-07T13:05:11.7300750Z ##[group]Checking out the ref
scrape-subito	UNKNOWN STEP	2026-04-07T13:05:11.7302310Z [command]/usr/bin/git checkout --progress --force -B main refs/remotes/origin/main
scrape-subito	UNKNOWN STEP	2026-04-07T13:05:11.8231290Z Reset branch 'main'
scrape-subito	UNKNOWN STEP	2026-04-07T13:05:11.8233930Z branch 'main' set up to track 'origin/main'.
scrape-subito	UNKNOWN STEP	2026-04-07T13:05:11.8237960Z ##[endgroup]
scrape-subito	UNKNOWN STEP	2026-04-07T13:05:11.8324630Z [command]/usr/bin/git log -1 --format=%H
scrape-subito	UNKNOWN STEP	2026-04-07T13:05:11.8394030Z d8661bc3b0c9d12106c0f673f610b7607bc5fd35
scrape-subito	UNKNOWN STEP	2026-04-07T13:05:11.8487850Z ##[group]Run actions/setup-python@v5
scrape-subito	UNKNOWN STEP	2026-04-07T13:05:11.8488040Z with:
scrape-subito	UNKNOWN STEP	2026-04-07T13:05:11.8488150Z   python-version: 3.11
scrape-subito	UNKNOWN STEP	2026-04-07T13:05:11.8488260Z   cache: pip
scrape-subito	UNKNOWN STEP	2026-04-07T13:05:11.8488360Z   check-latest: false
scrape-subito	UNKNOWN STEP	2026-04-07T13:05:11.8488520Z   token: ***
scrape-subito	UNKNOWN STEP	2026-04-07T13:05:11.8488630Z   update-environment: true
scrape-subito	UNKNOWN STEP	2026-04-07T13:05:11.8488760Z   allow-prereleases: false
scrape-subito	UNKNOWN STEP	2026-04-07T13:05:11.8488870Z   freethreaded: false
scrape-subito	UNKNOWN STEP	2026-04-07T13:05:11.8488980Z env:
scrape-subito	UNKNOWN STEP	2026-04-07T13:05:11.8489080Z   TRADER_PLAYWRIGHT_CHANNEL: chromium
scrape-subito	UNKNOWN STEP	2026-04-07T13:05:11.8489220Z   TRADER_VIEWER_OPEN_BROWSER: false
scrape-subito	UNKNOWN STEP	2026-04-07T13:05:11.8489430Z   TRADER_TELEGRAM_TOKEN: ***
scrape-subito	UNKNOWN STEP	2026-04-07T13:05:11.8489550Z   TRADER_TELEGRAM_CHAT_ID: ***
scrape-subito	UNKNOWN STEP	2026-04-07T13:05:11.8489670Z ##[endgroup]
scrape-subito	UNKNOWN STEP	2026-04-07T13:05:11.9465660Z ##[group]Installed versions
scrape-subito	UNKNOWN STEP	2026-04-07T13:05:11.9469590Z Version 3.11 was not found in the local cache
scrape-subito	UNKNOWN STEP	2026-04-07T13:05:12.7532820Z Version 3.11 is available for downloading
scrape-subito	UNKNOWN STEP	2026-04-07T13:05:12.7533350Z Download from "https://github.com/actions/python-versions/releases/download/3.11.9-9947079978/python-3.11.9-darwin-arm64.tar.gz"
scrape-subito	UNKNOWN STEP	2026-04-07T13:05:13.9874360Z Extract downloaded archive
scrape-subito	UNKNOWN STEP	2026-04-07T13:05:14.0037100Z [command]/usr/bin/tar xz -C /Users/luke/actions-runner/_work/_temp/5bf852ae-f298-44be-b7cc-9be7b737a711 -f /Users/luke/actions-runner/_work/_temp/db3ef062-492d-4b79-8710-32547b0c9e1b
scrape-subito	UNKNOWN STEP	2026-04-07T13:05:14.0678710Z Execute installation script
scrape-subito	UNKNOWN STEP	2026-04-07T13:05:14.0767480Z Check if Python hostedtoolcache folder exist...
scrape-subito	UNKNOWN STEP	2026-04-07T13:05:14.0767690Z Creating Python hostedtoolcache folder...
scrape-subito	UNKNOWN STEP	2026-04-07T13:05:14.0798040Z ##[error]mkdir: /Users/runner: Permission denied
scrape-subito	UNKNOWN STEP	2026-04-07T13:05:14.0801620Z ##[error]The process '/bin/bash' failed with exit code 1
scrape-subito	UNKNOWN STEP	2026-04-07T13:05:14.0918300Z Post job cleanup.
scrape-subito	UNKNOWN STEP	2026-04-07T13:05:14.1656190Z [command]/usr/bin/git version
scrape-subito	UNKNOWN STEP	2026-04-07T13:05:14.1742370Z git version 2.50.1 (Apple Git-155)
scrape-subito	UNKNOWN STEP	2026-04-07T13:05:14.1759930Z Temporarily overriding HOME='/Users/luke/actions-runner/_work/_temp/24326863-d172-42f6-9cd6-1d0923893b35' before making global git config changes
scrape-subito	UNKNOWN STEP	2026-04-07T13:05:14.1761830Z Adding repository directory to the temporary git global config as a safe directory
scrape-subito	UNKNOWN STEP	2026-04-07T13:05:14.1762380Z [command]/usr/bin/git config --global --add safe.directory /Users/luke/actions-runner/_work/trader/trader
scrape-subito	UNKNOWN STEP	2026-04-07T13:05:14.1833780Z [command]/usr/bin/git config --local --name-only --get-regexp core\.sshCommand
scrape-subito	UNKNOWN STEP	2026-04-07T13:05:14.1906810Z [command]/usr/bin/git submodule foreach --recursive sh -c "git config --local --name-only --get-regexp 'core\.sshCommand' && git config --local --unset-all 'core.sshCommand' || :"
scrape-subito	UNKNOWN STEP	2026-04-07T13:05:14.2390730Z [command]/usr/bin/git config --local --name-only --get-regexp http\.https\:\/\/github\.com\/\.extraheader
scrape-subito	UNKNOWN STEP	2026-04-07T13:05:14.2453440Z http.https://github.com/.extraheader
scrape-subito	UNKNOWN STEP	2026-04-07T13:05:14.2458850Z [command]/usr/bin/git config --local --unset-all http.https://github.com/.extraheader
scrape-subito	UNKNOWN STEP	2026-04-07T13:05:14.2521480Z [command]/usr/bin/git submodule foreach --recursive sh -c "git config --local --name-only --get-regexp 'http\.https\:\/\/github\.com\/\.extraheader' && git config --local --unset-all 'http.https://github.com/.extraheader' || :"
scrape-subito	UNKNOWN STEP	2026-04-07T13:05:14.3261170Z [command]/usr/bin/git config --local --name-only --get-regexp ^includeIf\.gitdir:
scrape-subito	UNKNOWN STEP	2026-04-07T13:05:14.3334430Z [command]/usr/bin/git submodule foreach --recursive git config --local --show-origin --name-only --get-regexp remote.origin.url
scrape-subito	UNKNOWN STEP	2026-04-07T13:05:14.3970080Z Cleaning up orphan processes
scrape-subito	UNKNOWN STEP	2026-04-07T13:05:14.6879470Z ##[warning]Node.js 20 actions are deprecated. The following actions are running on Node.js 20 and may not work as expected: actions/checkout@v4, actions/setup-python@v5. Actions will be forced to run with Node.js 24 by default starting June 2nd, 2026. Node.js 20 will be removed from the runner on September 16th, 2026. Please check if updated versions of these actions are available that support Node.js 24. To opt into Node.js 24 now, set the FORCE_JAVASCRIPT_ACTIONS_TO_NODE24=true environment variable on the runner or in your workflow file. Once Node.js 24 becomes the default, you can temporarily opt out by setting ACTIONS_ALLOW_USE_UNSECURE_NODE_VERSION=true. For more information see: https://github.blog/changelog/2025-09-19-deprecation-of-node-20-on-github-actions-runners/
