verify-sold	UNKNOWN STEP	﻿2026-04-14T10:22:18.0428390Z Current runner version: '2.333.1'
verify-sold	UNKNOWN STEP	2026-04-14T10:22:18.0430590Z Runner name: 'mac-mini-luke'
verify-sold	UNKNOWN STEP	2026-04-14T10:22:18.0430920Z Runner group name: 'Default'
verify-sold	UNKNOWN STEP	2026-04-14T10:22:18.0431250Z Machine name: 'Mac-mini'
verify-sold	UNKNOWN STEP	2026-04-14T10:22:18.0432270Z ##[group]GITHUB_TOKEN Permissions
verify-sold	UNKNOWN STEP	2026-04-14T10:22:18.0432900Z Contents: write
verify-sold	UNKNOWN STEP	2026-04-14T10:22:18.0433120Z Metadata: read
verify-sold	UNKNOWN STEP	2026-04-14T10:22:18.0433340Z ##[endgroup]
verify-sold	UNKNOWN STEP	2026-04-14T10:22:18.0434050Z Secret source: Actions
verify-sold	UNKNOWN STEP	2026-04-14T10:22:18.0434330Z Prepare workflow directory
verify-sold	UNKNOWN STEP	2026-04-14T10:22:18.0770770Z Prepare all required actions
verify-sold	UNKNOWN STEP	2026-04-14T10:22:18.0787810Z Getting action download info
verify-sold	UNKNOWN STEP	2026-04-14T10:22:18.6931100Z Download action repository 'actions/checkout@v5' (SHA:93cb6efe18208431cddfb8368fd83d5badbf9bfd)
verify-sold	UNKNOWN STEP	2026-04-14T10:22:19.3974710Z Complete job name: verify-sold
verify-sold	UNKNOWN STEP	2026-04-14T10:22:19.4253280Z ##[group]Run actions/checkout@v5
verify-sold	UNKNOWN STEP	2026-04-14T10:22:19.4253600Z with:
verify-sold	UNKNOWN STEP	2026-04-14T10:22:19.4253920Z   token: ***
verify-sold	UNKNOWN STEP	2026-04-14T10:22:19.4254110Z   ref: main
verify-sold	UNKNOWN STEP	2026-04-14T10:22:19.4254320Z   repository: LukePalmDev/trader
verify-sold	UNKNOWN STEP	2026-04-14T10:22:19.4254580Z   ssh-strict: true
verify-sold	UNKNOWN STEP	2026-04-14T10:22:19.4254780Z   ssh-user: git
verify-sold	UNKNOWN STEP	2026-04-14T10:22:19.4254980Z   persist-credentials: true
verify-sold	UNKNOWN STEP	2026-04-14T10:22:19.4255200Z   clean: true
verify-sold	UNKNOWN STEP	2026-04-14T10:22:19.4255410Z   sparse-checkout-cone-mode: true
verify-sold	UNKNOWN STEP	2026-04-14T10:22:19.4255650Z   fetch-depth: 1
verify-sold	UNKNOWN STEP	2026-04-14T10:22:19.4255840Z   fetch-tags: false
verify-sold	UNKNOWN STEP	2026-04-14T10:22:19.4256040Z   show-progress: true
verify-sold	UNKNOWN STEP	2026-04-14T10:22:19.4256250Z   lfs: false
verify-sold	UNKNOWN STEP	2026-04-14T10:22:19.4256440Z   submodules: false
verify-sold	UNKNOWN STEP	2026-04-14T10:22:19.4256650Z   set-safe-directory: true
verify-sold	UNKNOWN STEP	2026-04-14T10:22:19.4256920Z env:
verify-sold	UNKNOWN STEP	2026-04-14T10:22:19.4257130Z   TRADER_PLAYWRIGHT_CHANNEL: chrome
verify-sold	UNKNOWN STEP	2026-04-14T10:22:19.4257380Z   TRADER_VIEWER_OPEN_BROWSER: false
verify-sold	UNKNOWN STEP	2026-04-14T10:22:19.4257620Z ##[endgroup]
verify-sold	UNKNOWN STEP	2026-04-14T10:22:19.4776070Z Syncing repository: LukePalmDev/trader
verify-sold	UNKNOWN STEP	2026-04-14T10:22:19.4777000Z ##[group]Getting Git version info
verify-sold	UNKNOWN STEP	2026-04-14T10:22:19.4777390Z Working directory is '/Users/luke/actions-runner/_work/trader/trader'
verify-sold	UNKNOWN STEP	2026-04-14T10:22:19.4777960Z [command]/usr/bin/git version
verify-sold	UNKNOWN STEP	2026-04-14T10:22:19.4784830Z xcode-select: note: No developer tools were found, requesting install.
verify-sold	UNKNOWN STEP	2026-04-14T10:22:19.4785800Z If developer tools are located at a non-default location on disk, use `sudo xcode-select --switch path/to/Xcode.app` to specify the Xcode that you wish to use for command line developer tools, and cancel the installation dialog.
verify-sold	UNKNOWN STEP	2026-04-14T10:22:19.4786670Z See `man xcode-select` for more details.
verify-sold	UNKNOWN STEP	2026-04-14T10:22:19.4792920Z ##[endgroup]
verify-sold	UNKNOWN STEP	2026-04-14T10:22:19.4793960Z Deleting the contents of '/Users/luke/actions-runner/_work/trader/trader'
verify-sold	UNKNOWN STEP	2026-04-14T10:22:19.4871450Z The repository will be downloaded using the GitHub REST API
verify-sold	UNKNOWN STEP	2026-04-14T10:22:19.4872000Z To create a local Git repository instead, add Git 2.18 or higher to the PATH
verify-sold	UNKNOWN STEP	2026-04-14T10:22:19.4873190Z Downloading the archive
verify-sold	UNKNOWN STEP	2026-04-14T10:22:22.1004380Z Writing archive to disk
verify-sold	UNKNOWN STEP	2026-04-14T10:22:22.1109650Z Extracting the archive
verify-sold	UNKNOWN STEP	2026-04-14T10:22:22.1197060Z [command]/usr/bin/tar xz -C /Users/luke/actions-runner/_work/trader/trader/568fa20e-3bc3-48ce-97b5-095443673f61 -f /Users/luke/actions-runner/_work/trader/trader/568fa20e-3bc3-48ce-97b5-095443673f61.tar.gz
verify-sold	UNKNOWN STEP	2026-04-14T10:22:22.2014940Z Resolved version LukePalmDev-trader-88166d7
verify-sold	UNKNOWN STEP	2026-04-14T10:22:22.2134320Z ##[group]Run git pull --rebase
verify-sold	UNKNOWN STEP	2026-04-14T10:22:22.2134510Z [36;1mgit pull --rebase[0m
verify-sold	UNKNOWN STEP	2026-04-14T10:22:22.2147220Z shell: /bin/bash -e {0}
verify-sold	UNKNOWN STEP	2026-04-14T10:22:22.2147370Z env:
verify-sold	UNKNOWN STEP	2026-04-14T10:22:22.2147490Z   TRADER_PLAYWRIGHT_CHANNEL: chrome
verify-sold	UNKNOWN STEP	2026-04-14T10:22:22.2147640Z   TRADER_VIEWER_OPEN_BROWSER: false
verify-sold	UNKNOWN STEP	2026-04-14T10:22:22.2147780Z ##[endgroup]
verify-sold	UNKNOWN STEP	2026-04-14T10:22:22.2304690Z xcode-select: note: No developer tools were found, requesting install.
verify-sold	UNKNOWN STEP	2026-04-14T10:22:22.2305350Z If developer tools are located at a non-default location on disk, use `sudo xcode-select --switch path/to/Xcode.app` to specify the Xcode that you wish to use for command line developer tools, and cancel the installation dialog.
verify-sold	UNKNOWN STEP	2026-04-14T10:22:22.2305900Z See `man xcode-select` for more details.
verify-sold	UNKNOWN STEP	2026-04-14T10:22:22.2314810Z ##[error]Process completed with exit code 1.
verify-sold	UNKNOWN STEP	2026-04-14T10:22:22.2391610Z Post job cleanup.
verify-sold	UNKNOWN STEP	2026-04-14T10:22:22.2854360Z Cleaning up orphan processes
