verify-sold	UNKNOWN STEP	﻿2026-04-14T05:29:39.4459730Z Current runner version: '2.333.1'
verify-sold	UNKNOWN STEP	2026-04-14T05:29:39.4461920Z Runner name: 'mac-mini-luke'
verify-sold	UNKNOWN STEP	2026-04-14T05:29:39.4462240Z Runner group name: 'Default'
verify-sold	UNKNOWN STEP	2026-04-14T05:29:39.4462620Z Machine name: 'Mac-mini'
verify-sold	UNKNOWN STEP	2026-04-14T05:29:39.4463660Z ##[group]GITHUB_TOKEN Permissions
verify-sold	UNKNOWN STEP	2026-04-14T05:29:39.4464310Z Contents: write
verify-sold	UNKNOWN STEP	2026-04-14T05:29:39.4464530Z Metadata: read
verify-sold	UNKNOWN STEP	2026-04-14T05:29:39.4464750Z ##[endgroup]
verify-sold	UNKNOWN STEP	2026-04-14T05:29:39.4465520Z Secret source: Actions
verify-sold	UNKNOWN STEP	2026-04-14T05:29:39.4465790Z Prepare workflow directory
verify-sold	UNKNOWN STEP	2026-04-14T05:29:39.4806320Z Prepare all required actions
verify-sold	UNKNOWN STEP	2026-04-14T05:29:39.4823510Z Getting action download info
verify-sold	UNKNOWN STEP	2026-04-14T05:29:40.0993550Z Download action repository 'actions/checkout@v5' (SHA:93cb6efe18208431cddfb8368fd83d5badbf9bfd)
verify-sold	UNKNOWN STEP	2026-04-14T05:29:40.7987630Z Complete job name: verify-sold
verify-sold	UNKNOWN STEP	2026-04-14T05:29:40.8270030Z ##[group]Run actions/checkout@v5
verify-sold	UNKNOWN STEP	2026-04-14T05:29:40.8270360Z with:
verify-sold	UNKNOWN STEP	2026-04-14T05:29:40.8270690Z   token: ***
verify-sold	UNKNOWN STEP	2026-04-14T05:29:40.8270880Z   ref: main
verify-sold	UNKNOWN STEP	2026-04-14T05:29:40.8271080Z   repository: LukePalmDev/trader
verify-sold	UNKNOWN STEP	2026-04-14T05:29:40.8271340Z   ssh-strict: true
verify-sold	UNKNOWN STEP	2026-04-14T05:29:40.8271540Z   ssh-user: git
verify-sold	UNKNOWN STEP	2026-04-14T05:29:40.8271750Z   persist-credentials: true
verify-sold	UNKNOWN STEP	2026-04-14T05:29:40.8271970Z   clean: true
verify-sold	UNKNOWN STEP	2026-04-14T05:29:40.8272170Z   sparse-checkout-cone-mode: true
verify-sold	UNKNOWN STEP	2026-04-14T05:29:40.8272410Z   fetch-depth: 1
verify-sold	UNKNOWN STEP	2026-04-14T05:29:40.8272610Z   fetch-tags: false
verify-sold	UNKNOWN STEP	2026-04-14T05:29:40.8272810Z   show-progress: true
verify-sold	UNKNOWN STEP	2026-04-14T05:29:40.8273020Z   lfs: false
verify-sold	UNKNOWN STEP	2026-04-14T05:29:40.8273210Z   submodules: false
verify-sold	UNKNOWN STEP	2026-04-14T05:29:40.8273420Z   set-safe-directory: true
verify-sold	UNKNOWN STEP	2026-04-14T05:29:40.8273700Z env:
verify-sold	UNKNOWN STEP	2026-04-14T05:29:40.8273890Z   TRADER_PLAYWRIGHT_CHANNEL: chrome
verify-sold	UNKNOWN STEP	2026-04-14T05:29:40.8274150Z   TRADER_VIEWER_OPEN_BROWSER: false
verify-sold	UNKNOWN STEP	2026-04-14T05:29:40.8274390Z ##[endgroup]
verify-sold	UNKNOWN STEP	2026-04-14T05:29:40.8834440Z Syncing repository: LukePalmDev/trader
verify-sold	UNKNOWN STEP	2026-04-14T05:29:40.8835280Z ##[group]Getting Git version info
verify-sold	UNKNOWN STEP	2026-04-14T05:29:40.8835630Z Working directory is '/Users/luke/actions-runner/_work/trader/trader'
verify-sold	UNKNOWN STEP	2026-04-14T05:29:40.8836190Z [command]/usr/bin/git version
verify-sold	UNKNOWN STEP	2026-04-14T05:29:40.8844300Z xcode-select: note: No developer tools were found, requesting install.
verify-sold	UNKNOWN STEP	2026-04-14T05:29:40.8845260Z If developer tools are located at a non-default location on disk, use `sudo xcode-select --switch path/to/Xcode.app` to specify the Xcode that you wish to use for command line developer tools, and cancel the installation dialog.
verify-sold	UNKNOWN STEP	2026-04-14T05:29:40.8846110Z See `man xcode-select` for more details.
verify-sold	UNKNOWN STEP	2026-04-14T05:29:40.8851080Z ##[endgroup]
verify-sold	UNKNOWN STEP	2026-04-14T05:29:40.8852100Z Deleting the contents of '/Users/luke/actions-runner/_work/trader/trader'
verify-sold	UNKNOWN STEP	2026-04-14T05:29:40.8931740Z The repository will be downloaded using the GitHub REST API
verify-sold	UNKNOWN STEP	2026-04-14T05:29:40.8932300Z To create a local Git repository instead, add Git 2.18 or higher to the PATH
verify-sold	UNKNOWN STEP	2026-04-14T05:29:40.8933410Z Downloading the archive
verify-sold	UNKNOWN STEP	2026-04-14T05:29:43.4634280Z Writing archive to disk
verify-sold	UNKNOWN STEP	2026-04-14T05:29:43.4730270Z Extracting the archive
verify-sold	UNKNOWN STEP	2026-04-14T05:29:43.4816470Z [command]/usr/bin/tar xz -C /Users/luke/actions-runner/_work/trader/trader/d8b5bbd0-9a33-458d-bbb7-8f6f7989d6bb -f /Users/luke/actions-runner/_work/trader/trader/d8b5bbd0-9a33-458d-bbb7-8f6f7989d6bb.tar.gz
verify-sold	UNKNOWN STEP	2026-04-14T05:29:43.5623970Z Resolved version LukePalmDev-trader-f6a4c25
verify-sold	UNKNOWN STEP	2026-04-14T05:29:43.5743640Z ##[group]Run git pull --rebase
verify-sold	UNKNOWN STEP	2026-04-14T05:29:43.5743840Z [36;1mgit pull --rebase[0m
verify-sold	UNKNOWN STEP	2026-04-14T05:29:43.5757840Z shell: /bin/bash -e {0}
verify-sold	UNKNOWN STEP	2026-04-14T05:29:43.5757970Z env:
verify-sold	UNKNOWN STEP	2026-04-14T05:29:43.5758080Z   TRADER_PLAYWRIGHT_CHANNEL: chrome
verify-sold	UNKNOWN STEP	2026-04-14T05:29:43.5758250Z   TRADER_VIEWER_OPEN_BROWSER: false
verify-sold	UNKNOWN STEP	2026-04-14T05:29:43.5758380Z ##[endgroup]
verify-sold	UNKNOWN STEP	2026-04-14T05:29:43.5952850Z xcode-select: note: No developer tools were found, requesting install.
verify-sold	UNKNOWN STEP	2026-04-14T05:29:43.5953480Z If developer tools are located at a non-default location on disk, use `sudo xcode-select --switch path/to/Xcode.app` to specify the Xcode that you wish to use for command line developer tools, and cancel the installation dialog.
verify-sold	UNKNOWN STEP	2026-04-14T05:29:43.5953980Z See `man xcode-select` for more details.
verify-sold	UNKNOWN STEP	2026-04-14T05:29:43.5962840Z ##[error]Process completed with exit code 1.
verify-sold	UNKNOWN STEP	2026-04-14T05:29:43.6040050Z Post job cleanup.
verify-sold	UNKNOWN STEP	2026-04-14T05:29:43.6551440Z Cleaning up orphan processes
