12:00:00 [INFO] DB pronto: /Users/luke/Documents/Documenti Principali/Programmazione/trader/trader.db
12:00:00 [INFO] Subito DB pronto: /Users/luke/Documents/Documenti Principali/Programmazione/trader/subito.db
12:00:00 [INFO] eBay DB pronto: /Users/luke/Documents/Documenti Principali/Programmazione/trader/ebay.db
12:00:00 [INFO] ============================================================
12:00:00 [INFO] Avvio scraper: subito
12:00:00 [INFO] ============================================================
12:00:00 [INFO] Subito.it Scraper — Console Xbox
12:00:00 [INFO] ============================================================
12:00:01 [INFO] Query: Xbox Series X — 'xbox series x console'
12:00:01 [INFO]   Pagina 1: https://www.subito.it/annunci-italia/vendita/usato/?q=xbox+series+x+console
12:00:04 [INFO]   → 15/30 annunci validi (scartati 15)
12:00:04 [INFO]   Pagina 2: https://www.subito.it/annunci-italia/vendita/usato/?q=xbox+series+x+console&o=2
12:00:07 [INFO]   → 10/30 annunci validi (scartati 20)
12:00:07 [INFO]   Pagina 3: https://www.subito.it/annunci-italia/vendita/usato/?q=xbox+series+x+console&o=3
12:00:08 [INFO]   → 9/30 annunci validi (scartati 21)
12:00:08 [INFO]   Pagina 4: https://www.subito.it/annunci-italia/vendita/usato/?q=xbox+series+x+console&o=4
12:00:10 [INFO]   → 10/30 annunci validi (scartati 20)
12:00:10 [INFO]   Pagina 5: https://www.subito.it/annunci-italia/vendita/usato/?q=xbox+series+x+console&o=5
12:00:11 [INFO]   → 12/30 annunci validi (scartati 18)
12:00:11 [INFO]   Pagina 6: https://www.subito.it/annunci-italia/vendita/usato/?q=xbox+series+x+console&o=6
12:00:13 [INFO]   → 11/30 annunci validi (scartati 19)
12:00:13 [INFO]   Pagina 7: https://www.subito.it/annunci-italia/vendita/usato/?q=xbox+series+x+console&o=7
12:00:14 [INFO]   → 8/30 annunci validi (scartati 22)
12:00:14 [INFO]   Pagina 8: https://www.subito.it/annunci-italia/vendita/usato/?q=xbox+series+x+console&o=8
12:00:15 [INFO]   → 9/30 annunci validi (scartati 21)
12:00:15 [INFO]   Pagina 9: https://www.subito.it/annunci-italia/vendita/usato/?q=xbox+series+x+console&o=9
12:00:17 [INFO]   → 13/30 annunci validi (scartati 17)
12:00:17 [INFO]   Pagina 10: https://www.subito.it/annunci-italia/vendita/usato/?q=xbox+series+x+console&o=10
12:00:18 [INFO]   → 11/30 annunci validi (scartati 19)
12:00:18 [INFO]   Pagina 11: https://www.subito.it/annunci-italia/vendita/usato/?q=xbox+series+x+console&o=11
12:00:19 [INFO]   → 12/30 annunci validi (scartati 18)
12:00:19 [INFO]   Pagina 12: https://www.subito.it/annunci-italia/vendita/usato/?q=xbox+series+x+console&o=12
12:00:21 [INFO]   → 11/30 annunci validi (scartati 19)
12:00:21 [INFO]   Pagina 13: https://www.subito.it/annunci-italia/vendita/usato/?q=xbox+series+x+console&o=13
12:00:22 [INFO]   → 5/17 annunci validi (scartati 12)
12:00:22 [INFO]   → Pagina parziale (17 items) — ultima pagina.
12:00:22 [INFO] Query: Xbox Series S — 'xbox series s console'
12:00:22 [INFO]   Pagina 1: https://www.subito.it/annunci-italia/vendita/usato/?q=xbox+series+s+console
12:00:23 [INFO]   → 17/30 annunci validi (scartati 13)
12:00:23 [INFO]   Pagina 2: https://www.subito.it/annunci-italia/vendita/usato/?q=xbox+series+s+console&o=2
12:00:24 [INFO]   → 15/30 annunci validi (scartati 15)
12:00:24 [INFO]   Pagina 3: https://www.subito.it/annunci-italia/vendita/usato/?q=xbox+series+s+console&o=3
12:00:26 [INFO]   → 14/30 annunci validi (scartati 16)
12:00:26 [INFO]   Pagina 4: https://www.subito.it/annunci-italia/vendita/usato/?q=xbox+series+s+console&o=4
12:00:29 [INFO]   → 11/30 annunci validi (scartati 19)
12:00:29 [INFO]   Pagina 5: https://www.subito.it/annunci-italia/vendita/usato/?q=xbox+series+s+console&o=5
12:00:34 [INFO]   → 12/30 annunci validi (scartati 18)
12:00:34 [INFO]   Pagina 6: https://www.subito.it/annunci-italia/vendita/usato/?q=xbox+series+s+console&o=6
12:00:36 [INFO]   → 10/30 annunci validi (scartati 20)
12:00:36 [INFO]   Pagina 7: https://www.subito.it/annunci-italia/vendita/usato/?q=xbox+series+s+console&o=7
12:00:38 [INFO]   → 14/30 annunci validi (scartati 16)
12:00:38 [INFO]   Pagina 8: https://www.subito.it/annunci-italia/vendita/usato/?q=xbox+series+s+console&o=8
12:00:39 [INFO]   → 15/30 annunci validi (scartati 15)
12:00:39 [INFO]   Pagina 9: https://www.subito.it/annunci-italia/vendita/usato/?q=xbox+series+s+console&o=9
12:00:41 [INFO]   → 17/30 annunci validi (scartati 13)
12:00:41 [INFO]   Pagina 10: https://www.subito.it/annunci-italia/vendita/usato/?q=xbox+series+s+console&o=10
12:00:42 [INFO]   → 13/30 annunci validi (scartati 17)
12:00:42 [INFO]   Pagina 11: https://www.subito.it/annunci-italia/vendita/usato/?q=xbox+series+s+console&o=11
12:00:44 [INFO]   → 15/30 annunci validi (scartati 15)
12:00:44 [INFO]   Pagina 12: https://www.subito.it/annunci-italia/vendita/usato/?q=xbox+series+s+console&o=12
12:00:45 [INFO]   → 4/11 annunci validi (scartati 7)
12:00:45 [INFO]   → Pagina parziale (11 items) — ultima pagina.
12:00:45 [INFO] Query: Xbox One — 'xbox one console'
12:00:45 [INFO]   Pagina 1: https://www.subito.it/annunci-italia/vendita/usato/?q=xbox+one+console
12:00:46 [INFO]   → 14/30 annunci validi (scartati 16)
12:00:46 [INFO]   Pagina 2: https://www.subito.it/annunci-italia/vendita/usato/?q=xbox+one+console&o=2
12:00:48 [INFO]   → 13/30 annunci validi (scartati 17)
12:00:48 [INFO]   Pagina 3: https://www.subito.it/annunci-italia/vendita/usato/?q=xbox+one+console&o=3
12:00:49 [INFO]   → 10/30 annunci validi (scartati 20)
12:00:49 [INFO]   Pagina 4: https://www.subito.it/annunci-italia/vendita/usato/?q=xbox+one+console&o=4
12:00:52 [INFO]   → 10/30 annunci validi (scartati 20)
12:00:52 [INFO]   Pagina 5: https://www.subito.it/annunci-italia/vendita/usato/?q=xbox+one+console&o=5
12:00:55 [INFO]   → 14/30 annunci validi (scartati 16)
12:00:55 [INFO]   Pagina 6: https://www.subito.it/annunci-italia/vendita/usato/?q=xbox+one+console&o=6
12:00:57 [INFO]   → 17/30 annunci validi (scartati 13)
12:00:57 [INFO]   Pagina 7: https://www.subito.it/annunci-italia/vendita/usato/?q=xbox+one+console&o=7
12:00:58 [INFO]   → 18/30 annunci validi (scartati 12)
12:00:58 [INFO]   Pagina 8: https://www.subito.it/annunci-italia/vendita/usato/?q=xbox+one+console&o=8
12:00:59 [INFO]   → 11/30 annunci validi (scartati 19)
12:00:59 [INFO]   Pagina 9: https://www.subito.it/annunci-italia/vendita/usato/?q=xbox+one+console&o=9
12:01:01 [INFO]   → 16/30 annunci validi (scartati 14)
12:01:01 [INFO]   Pagina 10: https://www.subito.it/annunci-italia/vendita/usato/?q=xbox+one+console&o=10
12:01:02 [INFO]   → 15/30 annunci validi (scartati 15)
12:01:02 [INFO]   Pagina 11: https://www.subito.it/annunci-italia/vendita/usato/?q=xbox+one+console&o=11
12:01:03 [INFO]   → 9/30 annunci validi (scartati 21)
12:01:03 [INFO]   Pagina 12: https://www.subito.it/annunci-italia/vendita/usato/?q=xbox+one+console&o=12
12:01:16 [INFO]   → 19/30 annunci validi (scartati 11)
12:01:16 [INFO]   Pagina 13: https://www.subito.it/annunci-italia/vendita/usato/?q=xbox+one+console&o=13
12:01:37 [INFO]   → 14/30 annunci validi (scartati 16)
12:01:37 [INFO]   Pagina 14: https://www.subito.it/annunci-italia/vendita/usato/?q=xbox+one+console&o=14
12:01:44 [INFO]   → 11/30 annunci validi (scartati 19)
12:01:44 [INFO]   Pagina 15: https://www.subito.it/annunci-italia/vendita/usato/?q=xbox+one+console&o=15
12:02:05 [INFO]   → 11/30 annunci validi (scartati 19)
12:02:05 [INFO]   Pagina 16: https://www.subito.it/annunci-italia/vendita/usato/?q=xbox+one+console&o=16
12:02:07 [INFO]   → 21/30 annunci validi (scartati 9)
12:02:07 [INFO]   Pagina 17: https://www.subito.it/annunci-italia/vendita/usato/?q=xbox+one+console&o=17
12:02:13 [INFO]   → 17/30 annunci validi (scartati 13)
12:02:13 [INFO]   Pagina 18: https://www.subito.it/annunci-italia/vendita/usato/?q=xbox+one+console&o=18
12:02:14 [INFO]   → 14/30 annunci validi (scartati 16)
12:02:14 [INFO]   Pagina 19: https://www.subito.it/annunci-italia/vendita/usato/?q=xbox+one+console&o=19
12:02:16 [INFO]   → 17/30 annunci validi (scartati 13)
12:02:16 [INFO]   Pagina 20: https://www.subito.it/annunci-italia/vendita/usato/?q=xbox+one+console&o=20
12:02:18 [INFO]   → 16/30 annunci validi (scartati 14)
12:02:18 [INFO]   Pagina 21: https://www.subito.it/annunci-italia/vendita/usato/?q=xbox+one+console&o=21
12:02:19 [INFO]   → 15/30 annunci validi (scartati 15)
12:02:19 [INFO]   Pagina 22: https://www.subito.it/annunci-italia/vendita/usato/?q=xbox+one+console&o=22
12:02:21 [INFO]   → 13/30 annunci validi (scartati 17)
12:02:21 [INFO]   Pagina 23: https://www.subito.it/annunci-italia/vendita/usato/?q=xbox+one+console&o=23
12:02:22 [INFO]   → 9/30 annunci validi (scartati 21)
12:02:22 [INFO]   Pagina 24: https://www.subito.it/annunci-italia/vendita/usato/?q=xbox+one+console&o=24
12:02:24 [INFO]   → 22/30 annunci validi (scartati 8)
12:02:24 [INFO]   Pagina 25: https://www.subito.it/annunci-italia/vendita/usato/?q=xbox+one+console&o=25
12:02:26 [INFO]   → 15/30 annunci validi (scartati 15)
12:02:26 [INFO]   Pagina 26: https://www.subito.it/annunci-italia/vendita/usato/?q=xbox+one+console&o=26
12:02:27 [INFO]   → 15/30 annunci validi (scartati 15)
12:02:27 [INFO]   Pagina 27: https://www.subito.it/annunci-italia/vendita/usato/?q=xbox+one+console&o=27
12:02:29 [INFO]   → 12/30 annunci validi (scartati 18)
12:02:29 [INFO]   Pagina 28: https://www.subito.it/annunci-italia/vendita/usato/?q=xbox+one+console&o=28
12:02:31 [INFO]   → 15/30 annunci validi (scartati 15)
12:02:31 [INFO]   Pagina 29: https://www.subito.it/annunci-italia/vendita/usato/?q=xbox+one+console&o=29
12:02:32 [INFO]   → 16/30 annunci validi (scartati 14)
12:02:32 [INFO]   Pagina 30: https://www.subito.it/annunci-italia/vendita/usato/?q=xbox+one+console&o=30
12:02:34 [INFO]   → 18/30 annunci validi (scartati 12)
12:02:34 [INFO] Query: Xbox 360 — 'xbox 360 console'
12:02:34 [INFO]   Pagina 1: https://www.subito.it/annunci-italia/vendita/usato/?q=xbox+360+console
12:02:36 [INFO]   → 12/30 annunci validi (scartati 18)
12:02:36 [INFO]   Pagina 2: https://www.subito.it/annunci-italia/vendita/usato/?q=xbox+360+console&o=2
12:02:38 [INFO]   → 10/30 annunci validi (scartati 20)
12:02:38 [INFO]   Pagina 3: https://www.subito.it/annunci-italia/vendita/usato/?q=xbox+360+console&o=3
12:02:39 [INFO]   → 11/30 annunci validi (scartati 19)
12:02:39 [INFO]   Pagina 4: https://www.subito.it/annunci-italia/vendita/usato/?q=xbox+360+console&o=4
12:02:41 [INFO]   → 12/30 annunci validi (scartati 18)
12:02:41 [INFO]   Pagina 5: https://www.subito.it/annunci-italia/vendita/usato/?q=xbox+360+console&o=5
12:02:44 [INFO]   → 9/30 annunci validi (scartati 21)
12:02:44 [INFO]   Pagina 6: https://www.subito.it/annunci-italia/vendita/usato/?q=xbox+360+console&o=6
12:02:48 [INFO]   → 11/30 annunci validi (scartati 19)
12:02:48 [INFO]   Pagina 7: https://www.subito.it/annunci-italia/vendita/usato/?q=xbox+360+console&o=7
12:02:49 [INFO]   → 10/30 annunci validi (scartati 20)
12:02:49 [INFO]   Pagina 8: https://www.subito.it/annunci-italia/vendita/usato/?q=xbox+360+console&o=8
12:02:57 [INFO]   → 5/30 annunci validi (scartati 25)
12:02:57 [INFO]   Pagina 9: https://www.subito.it/annunci-italia/vendita/usato/?q=xbox+360+console&o=9
12:02:59 [INFO]   → 10/30 annunci validi (scartati 20)
12:02:59 [INFO]   Pagina 10: https://www.subito.it/annunci-italia/vendita/usato/?q=xbox+360+console&o=10
12:03:00 [INFO]   → 8/30 annunci validi (scartati 22)
12:03:00 [INFO]   Pagina 11: https://www.subito.it/annunci-italia/vendita/usato/?q=xbox+360+console&o=11
12:03:02 [INFO]   → 17/30 annunci validi (scartati 13)
12:03:02 [INFO]   Pagina 12: https://www.subito.it/annunci-italia/vendita/usato/?q=xbox+360+console&o=12
12:03:04 [INFO]   → 10/30 annunci validi (scartati 20)
12:03:04 [INFO]   Pagina 13: https://www.subito.it/annunci-italia/vendita/usato/?q=xbox+360+console&o=13
12:03:05 [INFO]   → 14/30 annunci validi (scartati 16)
12:03:05 [INFO]   Pagina 14: https://www.subito.it/annunci-italia/vendita/usato/?q=xbox+360+console&o=14
12:03:07 [INFO]   → 12/30 annunci validi (scartati 18)
12:03:07 [INFO]   Pagina 15: https://www.subito.it/annunci-italia/vendita/usato/?q=xbox+360+console&o=15
12:03:10 [INFO]   → 12/30 annunci validi (scartati 18)
12:03:10 [INFO]   Pagina 16: https://www.subito.it/annunci-italia/vendita/usato/?q=xbox+360+console&o=16
12:03:18 [INFO]   → 11/30 annunci validi (scartati 19)
12:03:18 [INFO]   Pagina 17: https://www.subito.it/annunci-italia/vendita/usato/?q=xbox+360+console&o=17
12:03:20 [INFO]   → 10/30 annunci validi (scartati 20)
12:03:20 [INFO]   Pagina 18: https://www.subito.it/annunci-italia/vendita/usato/?q=xbox+360+console&o=18
12:04:20 [WARNING] https://www.subito.it/annunci-italia/vendita/usato/?q=xbox+360+console&o=18 — tentativo 1/3 fallito: Page.goto: Timeout 60000ms exceeded.
Call log:
  - navigating to "https://www.subito.it/annunci-italia/vendita/usato/?q=xbox+360+console&o=18", waiting until "domcontentloaded"
. Attendo 2.0s...
12:04:29 [INFO]   → 15/30 annunci validi (scartati 15)
12:04:29 [INFO]   Pagina 19: https://www.subito.it/annunci-italia/vendita/usato/?q=xbox+360+console&o=19
12:04:31 [INFO]   → 10/30 annunci validi (scartati 20)
12:04:31 [INFO]   Pagina 20: https://www.subito.it/annunci-italia/vendita/usato/?q=xbox+360+console&o=20
12:04:32 [INFO]   → 15/30 annunci validi (scartati 15)
12:04:32 [INFO]   Pagina 21: https://www.subito.it/annunci-italia/vendita/usato/?q=xbox+360+console&o=21
12:04:33 [INFO]   → 14/30 annunci validi (scartati 16)
12:04:33 [INFO]   Pagina 22: https://www.subito.it/annunci-italia/vendita/usato/?q=xbox+360+console&o=22
12:04:34 [INFO]   → 13/30 annunci validi (scartati 17)
12:04:34 [INFO]   Pagina 23: https://www.subito.it/annunci-italia/vendita/usato/?q=xbox+360+console&o=23
12:04:36 [INFO]   → 14/30 annunci validi (scartati 16)
12:04:36 [INFO]   Pagina 24: https://www.subito.it/annunci-italia/vendita/usato/?q=xbox+360+console&o=24
12:04:38 [INFO]   → 13/30 annunci validi (scartati 17)
12:04:38 [INFO]   Pagina 25: https://www.subito.it/annunci-italia/vendita/usato/?q=xbox+360+console&o=25
12:04:41 [INFO]   → 13/30 annunci validi (scartati 17)
12:04:41 [INFO]   Pagina 26: https://www.subito.it/annunci-italia/vendita/usato/?q=xbox+360+console&o=26
12:04:43 [INFO]   → 10/30 annunci validi (scartati 20)
12:04:43 [INFO]   Pagina 27: https://www.subito.it/annunci-italia/vendita/usato/?q=xbox+360+console&o=27
12:04:44 [INFO]   → 8/30 annunci validi (scartati 22)
12:04:44 [INFO]   Pagina 28: https://www.subito.it/annunci-italia/vendita/usato/?q=xbox+360+console&o=28
12:04:47 [INFO]   → 9/30 annunci validi (scartati 21)
12:04:47 [INFO]   Pagina 29: https://www.subito.it/annunci-italia/vendita/usato/?q=xbox+360+console&o=29
12:04:51 [INFO]   → 12/30 annunci validi (scartati 18)
12:04:51 [INFO]   Pagina 30: https://www.subito.it/annunci-italia/vendita/usato/?q=xbox+360+console&o=30
12:04:53 [INFO]   → 11/30 annunci validi (scartati 19)
12:04:53 [INFO] Query: Xbox Original — 'xbox original console'
12:04:53 [INFO]   Pagina 1: https://www.subito.it/annunci-italia/vendita/usato/?q=xbox+original+console
12:04:54 [INFO]   → 10/30 annunci validi (scartati 20)
12:04:54 [INFO]   Pagina 2: https://www.subito.it/annunci-italia/vendita/usato/?q=xbox+original+console&o=2
12:04:55 [INFO]   → 12/30 annunci validi (scartati 18)
12:04:55 [INFO]   Pagina 3: https://www.subito.it/annunci-italia/vendita/usato/?q=xbox+original+console&o=3
12:04:57 [INFO]   → 10/30 annunci validi (scartati 20)
12:04:57 [INFO]   Pagina 4: https://www.subito.it/annunci-italia/vendita/usato/?q=xbox+original+console&o=4
12:04:58 [INFO]   → 16/30 annunci validi (scartati 14)
12:04:58 [INFO]   Pagina 5: https://www.subito.it/annunci-italia/vendita/usato/?q=xbox+original+console&o=5
12:04:59 [INFO]   → 8/30 annunci validi (scartati 22)
12:04:59 [INFO]   Pagina 6: https://www.subito.it/annunci-italia/vendita/usato/?q=xbox+original+console&o=6
12:05:01 [INFO]   → 8/30 annunci validi (scartati 22)
12:05:01 [INFO]   Pagina 7: https://www.subito.it/annunci-italia/vendita/usato/?q=xbox+original+console&o=7
12:05:02 [INFO]   → 11/30 annunci validi (scartati 19)
12:05:02 [INFO]   Pagina 8: https://www.subito.it/annunci-italia/vendita/usato/?q=xbox+original+console&o=8
12:05:04 [INFO]   → 11/30 annunci validi (scartati 19)
12:05:04 [INFO]   Pagina 9: https://www.subito.it/annunci-italia/vendita/usato/?q=xbox+original+console&o=9
12:05:05 [INFO]   → 7/30 annunci validi (scartati 23)
12:05:05 [INFO]   Pagina 10: https://www.subito.it/annunci-italia/vendita/usato/?q=xbox+original+console&o=10
12:05:06 [INFO]   → 13/30 annunci validi (scartati 17)
12:05:06 [INFO]   Pagina 11: https://www.subito.it/annunci-italia/vendita/usato/?q=xbox+original+console&o=11
12:05:08 [INFO]   → 9/30 annunci validi (scartati 21)
12:05:08 [INFO]   Pagina 12: https://www.subito.it/annunci-italia/vendita/usato/?q=xbox+original+console&o=12
12:05:09 [INFO]   → 10/30 annunci validi (scartati 20)
12:05:09 [INFO]   Pagina 13: https://www.subito.it/annunci-italia/vendita/usato/?q=xbox+original+console&o=13
12:05:11 [INFO]   → 7/30 annunci validi (scartati 23)
12:05:11 [INFO]   Pagina 14: https://www.subito.it/annunci-italia/vendita/usato/?q=xbox+original+console&o=14
12:05:12 [INFO]   → 12/30 annunci validi (scartati 18)
12:05:12 [INFO]   Pagina 15: https://www.subito.it/annunci-italia/vendita/usato/?q=xbox+original+console&o=15
12:05:14 [INFO]   → 9/30 annunci validi (scartati 21)
12:05:14 [INFO]   Pagina 16: https://www.subito.it/annunci-italia/vendita/usato/?q=xbox+original+console&o=16
12:05:15 [INFO]   → 5/30 annunci validi (scartati 25)
12:05:15 [INFO]   Pagina 17: https://www.subito.it/annunci-italia/vendita/usato/?q=xbox+original+console&o=17
12:05:18 [INFO]   → 11/30 annunci validi (scartati 19)
12:05:18 [INFO]   Pagina 18: https://www.subito.it/annunci-italia/vendita/usato/?q=xbox+original+console&o=18
12:05:20 [INFO]   → 10/30 annunci validi (scartati 20)
12:05:20 [INFO]   Pagina 19: https://www.subito.it/annunci-italia/vendita/usato/?q=xbox+original+console&o=19
12:05:22 [INFO]   → 6/30 annunci validi (scartati 24)
12:05:22 [INFO]   Pagina 20: https://www.subito.it/annunci-italia/vendita/usato/?q=xbox+original+console&o=20
12:05:34 [INFO]   → 6/30 annunci validi (scartati 24)
12:05:34 [INFO]   Pagina 21: https://www.subito.it/annunci-italia/vendita/usato/?q=xbox+original+console&o=21
12:05:48 [INFO]   → 11/30 annunci validi (scartati 19)
12:05:48 [INFO]   Pagina 22: https://www.subito.it/annunci-italia/vendita/usato/?q=xbox+original+console&o=22
12:05:58 [INFO]   → 16/30 annunci validi (scartati 14)
12:05:58 [INFO]   Pagina 23: https://www.subito.it/annunci-italia/vendita/usato/?q=xbox+original+console&o=23
12:06:08 [INFO]   → 7/30 annunci validi (scartati 23)
12:06:08 [INFO]   Pagina 24: https://www.subito.it/annunci-italia/vendita/usato/?q=xbox+original+console&o=24
12:06:19 [WARNING] https://www.subito.it/annunci-italia/vendita/usato/?q=xbox+original+console&o=24 — tentativo 1/3 fallito: Page.goto: net::ERR_CONNECTION_TIMED_OUT at https://www.subito.it/annunci-italia/vendita/usato/?q=xbox+original+console&o=24
Call log:
  - navigating to "https://www.subito.it/annunci-italia/vendita/usato/?q=xbox+original+console&o=24", waiting until "domcontentloaded"
. Attendo 2.0s...
12:06:23 [INFO]   → 10/30 annunci validi (scartati 20)
12:06:23 [INFO]   Pagina 25: https://www.subito.it/annunci-italia/vendita/usato/?q=xbox+original+console&o=25
12:06:27 [INFO]   → 10/30 annunci validi (scartati 20)
12:06:27 [INFO]   Pagina 26: https://www.subito.it/annunci-italia/vendita/usato/?q=xbox+original+console&o=26
12:06:31 [INFO]   → 10/30 annunci validi (scartati 20)
12:06:31 [INFO]   Pagina 27: https://www.subito.it/annunci-italia/vendita/usato/?q=xbox+original+console&o=27
12:06:34 [INFO]   → 13/30 annunci validi (scartati 17)
12:06:34 [INFO]   Pagina 28: https://www.subito.it/annunci-italia/vendita/usato/?q=xbox+original+console&o=28
12:06:35 [INFO]   → 14/30 annunci validi (scartati 16)
12:06:35 [INFO]   Pagina 29: https://www.subito.it/annunci-italia/vendita/usato/?q=xbox+original+console&o=29
12:06:37 [INFO]   → 5/30 annunci validi (scartati 25)
12:06:37 [INFO]   Pagina 30: https://www.subito.it/annunci-italia/vendita/usato/?q=xbox+original+console&o=30
12:06:38 [INFO]   → 11/30 annunci validi (scartati 19)
12:06:38 [INFO] Annunci unici dopo deduplica: 1001 (da 1369 totali)
12:06:38 [INFO] Totale annunci unici: 1001
12:06:38 [INFO] Salvato: subito_2026-03-18_12-06-38.json  (1001 prodotti)
12:06:38 [INFO] Subito DB aggiornato — nuovi: 1 | prezzi cambiati: 0 | disponibilità cambiata: 27 | invariati: 973
12:06:38 [INFO] Refilter Subito DB: 27 annunci marcati non disponibili
12:06:38 [INFO] Subito: rimossi 27 annunci da filtri aggiornati
12:06:38 [INFO] Alert soglie (CEX - 22% IVA): {'series-x': '€355', '360': '€37', 'one': '€62', 'one-s': '€74', 'one-x': '€136', 'other': '€66', 'series-s': '€183'}
12:06:38 [INFO] Alert: nessun nuovo match sotto soglia.
18:00:01 [INFO] Migrazioni trader.db applicate: [10]
18:00:01 [INFO] DB pronto: /Users/luke/Documents/Documenti Principali/Programmazione/trader/trader.db
18:00:01 [INFO] Subito DB pronto: /Users/luke/Documents/Documenti Principali/Programmazione/trader/subito.db
18:00:01 [INFO] eBay DB pronto: /Users/luke/Documents/Documenti Principali/Programmazione/trader/ebay.db
18:00:01 [INFO] ============================================================
18:00:01 [INFO] Avvio scraper: subito
18:00:01 [INFO] ============================================================
18:00:01 [INFO] Subito.it Scraper — Console Xbox
18:00:01 [INFO] ============================================================
18:00:02 [INFO] Playwright browser avviato: chrome
18:00:02 [INFO] Query: Xbox Series X — 'xbox series x console'
18:00:02 [INFO]   Pagina 1: https://www.subito.it/annunci-italia/vendita/usato/?q=xbox+series+x+console
18:00:04 [INFO]   → 15/30 annunci validi (scartati 15)
18:00:04 [INFO]   Pagina 2: https://www.subito.it/annunci-italia/vendita/usato/?q=xbox+series+x+console&o=2
18:00:05 [INFO]   → 10/30 annunci validi (scartati 20)
18:00:05 [INFO]   Pagina 3: https://www.subito.it/annunci-italia/vendita/usato/?q=xbox+series+x+console&o=3
18:00:07 [INFO]   → 11/30 annunci validi (scartati 19)
18:00:07 [INFO]   Pagina 4: https://www.subito.it/annunci-italia/vendita/usato/?q=xbox+series+x+console&o=4
18:00:08 [INFO]   → 10/30 annunci validi (scartati 20)
18:00:08 [INFO]   Pagina 5: https://www.subito.it/annunci-italia/vendita/usato/?q=xbox+series+x+console&o=5
18:00:09 [INFO]   → 11/30 annunci validi (scartati 19)
18:00:09 [INFO]   Pagina 6: https://www.subito.it/annunci-italia/vendita/usato/?q=xbox+series+x+console&o=6
18:00:11 [INFO]   → 12/30 annunci validi (scartati 18)
18:00:11 [INFO]   Pagina 7: https://www.subito.it/annunci-italia/vendita/usato/?q=xbox+series+x+console&o=7
18:00:12 [INFO]   → 7/30 annunci validi (scartati 23)
18:00:12 [INFO]   Pagina 8: https://www.subito.it/annunci-italia/vendita/usato/?q=xbox+series+x+console&o=8
18:00:14 [INFO]   → 10/30 annunci validi (scartati 20)
18:00:14 [INFO]   Pagina 9: https://www.subito.it/annunci-italia/vendita/usato/?q=xbox+series+x+console&o=9
18:00:15 [INFO]   → 12/30 annunci validi (scartati 18)
18:00:15 [INFO]   Pagina 10: https://www.subito.it/annunci-italia/vendita/usato/?q=xbox+series+x+console&o=10
18:00:16 [INFO]   → 12/30 annunci validi (scartati 18)
18:00:16 [INFO]   Pagina 11: https://www.subito.it/annunci-italia/vendita/usato/?q=xbox+series+x+console&o=11
18:00:18 [INFO]   → 12/30 annunci validi (scartati 18)
18:00:18 [INFO]   Pagina 12: https://www.subito.it/annunci-italia/vendita/usato/?q=xbox+series+x+console&o=12
18:00:19 [INFO]   → 11/30 annunci validi (scartati 19)
18:00:19 [INFO]   Pagina 13: https://www.subito.it/annunci-italia/vendita/usato/?q=xbox+series+x+console&o=13
18:00:20 [INFO]   → 5/19 annunci validi (scartati 14)
18:00:20 [INFO]   → Pagina parziale (19 items) — ultima pagina.
18:00:20 [INFO] Query: Xbox Series S — 'xbox series s console'
18:00:20 [INFO]   Pagina 1: https://www.subito.it/annunci-italia/vendita/usato/?q=xbox+series+s+console
18:00:22 [INFO]   → 18/30 annunci validi (scartati 12)
18:00:22 [INFO]   Pagina 2: https://www.subito.it/annunci-italia/vendita/usato/?q=xbox+series+s+console&o=2
18:00:23 [INFO]   → 15/30 annunci validi (scartati 15)
18:00:23 [INFO]   Pagina 3: https://www.subito.it/annunci-italia/vendita/usato/?q=xbox+series+s+console&o=3
18:00:25 [INFO]   → 15/30 annunci validi (scartati 15)
18:00:25 [INFO]   Pagina 4: https://www.subito.it/annunci-italia/vendita/usato/?q=xbox+series+s+console&o=4
18:00:26 [INFO]   → 10/30 annunci validi (scartati 20)
18:00:26 [INFO]   Pagina 5: https://www.subito.it/annunci-italia/vendita/usato/?q=xbox+series+s+console&o=5
18:00:27 [INFO]   → 11/30 annunci validi (scartati 19)
18:00:27 [INFO]   Pagina 6: https://www.subito.it/annunci-italia/vendita/usato/?q=xbox+series+s+console&o=6
18:00:29 [INFO]   → 12/30 annunci validi (scartati 18)
18:00:29 [INFO]   Pagina 7: https://www.subito.it/annunci-italia/vendita/usato/?q=xbox+series+s+console&o=7
18:00:31 [INFO]   → 13/30 annunci validi (scartati 17)
18:00:31 [INFO]   Pagina 8: https://www.subito.it/annunci-italia/vendita/usato/?q=xbox+series+s+console&o=8
18:00:32 [INFO]   → 14/30 annunci validi (scartati 16)
18:00:32 [INFO]   Pagina 9: https://www.subito.it/annunci-italia/vendita/usato/?q=xbox+series+s+console&o=9
18:00:33 [INFO]   → 18/30 annunci validi (scartati 12)
18:00:33 [INFO]   Pagina 10: https://www.subito.it/annunci-italia/vendita/usato/?q=xbox+series+s+console&o=10
18:00:35 [INFO]   → 12/30 annunci validi (scartati 18)
18:00:35 [INFO]   Pagina 11: https://www.subito.it/annunci-italia/vendita/usato/?q=xbox+series+s+console&o=11
18:00:36 [INFO]   → 16/30 annunci validi (scartati 14)
18:00:36 [INFO]   Pagina 12: https://www.subito.it/annunci-italia/vendita/usato/?q=xbox+series+s+console&o=12
18:00:37 [INFO]   → 2/7 annunci validi (scartati 5)
18:00:37 [INFO]   → Pagina parziale (7 items) — ultima pagina.
18:00:37 [INFO] Query: Xbox One — 'xbox one console'
18:00:37 [INFO]   Pagina 1: https://www.subito.it/annunci-italia/vendita/usato/?q=xbox+one+console
18:00:39 [INFO]   → 16/30 annunci validi (scartati 14)
18:00:39 [INFO]   Pagina 2: https://www.subito.it/annunci-italia/vendita/usato/?q=xbox+one+console&o=2
18:00:40 [INFO]   → 12/30 annunci validi (scartati 18)
18:00:40 [INFO]   Pagina 3: https://www.subito.it/annunci-italia/vendita/usato/?q=xbox+one+console&o=3
18:00:43 [INFO]   → 11/30 annunci validi (scartati 19)
18:00:43 [INFO]   Pagina 4: https://www.subito.it/annunci-italia/vendita/usato/?q=xbox+one+console&o=4
18:00:45 [INFO]   → 10/30 annunci validi (scartati 20)
18:00:45 [INFO]   Pagina 5: https://www.subito.it/annunci-italia/vendita/usato/?q=xbox+one+console&o=5
18:00:47 [INFO]   → 14/30 annunci validi (scartati 16)
18:00:47 [INFO]   Pagina 6: https://www.subito.it/annunci-italia/vendita/usato/?q=xbox+one+console&o=6
18:00:48 [INFO]   → 16/30 annunci validi (scartati 14)
18:00:48 [INFO]   Pagina 7: https://www.subito.it/annunci-italia/vendita/usato/?q=xbox+one+console&o=7
18:00:50 [INFO]   → 17/30 annunci validi (scartati 13)
18:00:50 [INFO]   Pagina 8: https://www.subito.it/annunci-italia/vendita/usato/?q=xbox+one+console&o=8
18:00:51 [INFO]   → 12/30 annunci validi (scartati 18)
18:00:51 [INFO]   Pagina 9: https://www.subito.it/annunci-italia/vendita/usato/?q=xbox+one+console&o=9
18:00:53 [INFO]   → 15/30 annunci validi (scartati 15)
18:00:53 [INFO]   Pagina 10: https://www.subito.it/annunci-italia/vendita/usato/?q=xbox+one+console&o=10
18:00:54 [INFO]   → 15/30 annunci validi (scartati 15)
18:00:54 [INFO]   Pagina 11: https://www.subito.it/annunci-italia/vendita/usato/?q=xbox+one+console&o=11
18:00:56 [INFO]   → 10/30 annunci validi (scartati 20)
18:00:56 [INFO]   Pagina 12: https://www.subito.it/annunci-italia/vendita/usato/?q=xbox+one+console&o=12
18:00:57 [INFO]   → 18/30 annunci validi (scartati 12)
18:00:57 [INFO]   Pagina 13: https://www.subito.it/annunci-italia/vendita/usato/?q=xbox+one+console&o=13
18:00:59 [INFO]   → 15/30 annunci validi (scartati 15)
18:00:59 [INFO]   Pagina 14: https://www.subito.it/annunci-italia/vendita/usato/?q=xbox+one+console&o=14
18:01:01 [INFO]   → 9/30 annunci validi (scartati 21)
18:01:01 [INFO]   Pagina 15: https://www.subito.it/annunci-italia/vendita/usato/?q=xbox+one+console&o=15
18:01:02 [INFO]   → 13/30 annunci validi (scartati 17)
18:01:02 [INFO]   Pagina 16: https://www.subito.it/annunci-italia/vendita/usato/?q=xbox+one+console&o=16
18:01:04 [INFO]   → 21/30 annunci validi (scartati 9)
18:01:04 [INFO]   Pagina 17: https://www.subito.it/annunci-italia/vendita/usato/?q=xbox+one+console&o=17
18:01:05 [INFO]   → 15/30 annunci validi (scartati 15)
18:01:05 [INFO]   Pagina 18: https://www.subito.it/annunci-italia/vendita/usato/?q=xbox+one+console&o=18
18:01:07 [INFO]   → 15/30 annunci validi (scartati 15)
18:01:07 [INFO]   Pagina 19: https://www.subito.it/annunci-italia/vendita/usato/?q=xbox+one+console&o=19
18:01:08 [INFO]   → 18/30 annunci validi (scartati 12)
18:01:08 [INFO]   Pagina 20: https://www.subito.it/annunci-italia/vendita/usato/?q=xbox+one+console&o=20
18:01:09 [INFO]   → 14/30 annunci validi (scartati 16)
18:01:09 [INFO]   Pagina 21: https://www.subito.it/annunci-italia/vendita/usato/?q=xbox+one+console&o=21
18:01:11 [INFO]   → 17/30 annunci validi (scartati 13)
18:01:11 [INFO]   Pagina 22: https://www.subito.it/annunci-italia/vendita/usato/?q=xbox+one+console&o=22
18:01:13 [INFO]   → 11/30 annunci validi (scartati 19)
18:01:13 [INFO]   Pagina 23: https://www.subito.it/annunci-italia/vendita/usato/?q=xbox+one+console&o=23
18:01:26 [INFO]   → 10/30 annunci validi (scartati 20)
18:01:26 [INFO]   Pagina 24: https://www.subito.it/annunci-italia/vendita/usato/?q=xbox+one+console&o=24
18:02:11 [INFO]   → 22/30 annunci validi (scartati 8)
18:02:11 [INFO]   Pagina 25: https://www.subito.it/annunci-italia/vendita/usato/?q=xbox+one+console&o=25
18:02:12 [INFO]   → 14/30 annunci validi (scartati 16)
18:02:12 [INFO]   Pagina 26: https://www.subito.it/annunci-italia/vendita/usato/?q=xbox+one+console&o=26
18:02:14 [INFO]   → 15/30 annunci validi (scartati 15)
18:02:14 [INFO]   Pagina 27: https://www.subito.it/annunci-italia/vendita/usato/?q=xbox+one+console&o=27
18:02:16 [INFO]   → 13/30 annunci validi (scartati 17)
18:02:16 [INFO]   Pagina 28: https://www.subito.it/annunci-italia/vendita/usato/?q=xbox+one+console&o=28
18:02:19 [INFO]   → 14/30 annunci validi (scartati 16)
18:02:19 [INFO]   Pagina 29: https://www.subito.it/annunci-italia/vendita/usato/?q=xbox+one+console&o=29
18:02:22 [INFO]   → 18/30 annunci validi (scartati 12)
18:02:22 [INFO]   Pagina 30: https://www.subito.it/annunci-italia/vendita/usato/?q=xbox+one+console&o=30
18:02:24 [INFO]   → 17/30 annunci validi (scartati 13)
18:02:24 [INFO] Query: Xbox 360 — 'xbox 360 console'
18:02:24 [INFO]   Pagina 1: https://www.subito.it/annunci-italia/vendita/usato/?q=xbox+360+console
18:02:26 [INFO]   → 11/30 annunci validi (scartati 19)
18:02:26 [INFO]   Pagina 2: https://www.subito.it/annunci-italia/vendita/usato/?q=xbox+360+console&o=2
18:02:28 [INFO]   → 11/30 annunci validi (scartati 19)
18:02:28 [INFO]   Pagina 3: https://www.subito.it/annunci-italia/vendita/usato/?q=xbox+360+console&o=3
18:02:29 [INFO]   → 12/30 annunci validi (scartati 18)
18:02:29 [INFO]   Pagina 4: https://www.subito.it/annunci-italia/vendita/usato/?q=xbox+360+console&o=4
18:02:32 [INFO]   → 13/30 annunci validi (scartati 17)
18:02:32 [INFO]   Pagina 5: https://www.subito.it/annunci-italia/vendita/usato/?q=xbox+360+console&o=5
18:02:33 [INFO]   → 9/30 annunci validi (scartati 21)
18:02:33 [INFO]   Pagina 6: https://www.subito.it/annunci-italia/vendita/usato/?q=xbox+360+console&o=6
18:02:35 [INFO]   → 10/30 annunci validi (scartati 20)
18:02:35 [INFO]   Pagina 7: https://www.subito.it/annunci-italia/vendita/usato/?q=xbox+360+console&o=7
18:02:36 [INFO]   → 10/30 annunci validi (scartati 20)
18:02:36 [INFO]   Pagina 8: https://www.subito.it/annunci-italia/vendita/usato/?q=xbox+360+console&o=8
18:02:38 [INFO]   → 6/30 annunci validi (scartati 24)
18:02:38 [INFO]   Pagina 9: https://www.subito.it/annunci-italia/vendita/usato/?q=xbox+360+console&o=9
18:02:39 [INFO]   → 11/30 annunci validi (scartati 19)
18:02:39 [INFO]   Pagina 10: https://www.subito.it/annunci-italia/vendita/usato/?q=xbox+360+console&o=10
18:02:40 [INFO]   → 8/30 annunci validi (scartati 22)
18:02:40 [INFO]   Pagina 11: https://www.subito.it/annunci-italia/vendita/usato/?q=xbox+360+console&o=11
18:02:42 [INFO]   → 15/30 annunci validi (scartati 15)
18:02:42 [INFO]   Pagina 12: https://www.subito.it/annunci-italia/vendita/usato/?q=xbox+360+console&o=12
18:02:43 [INFO]   → 10/30 annunci validi (scartati 20)
18:02:43 [INFO]   Pagina 13: https://www.subito.it/annunci-italia/vendita/usato/?q=xbox+360+console&o=13
18:02:45 [INFO]   → 14/30 annunci validi (scartati 16)
18:02:45 [INFO]   Pagina 14: https://www.subito.it/annunci-italia/vendita/usato/?q=xbox+360+console&o=14
18:02:46 [INFO]   → 12/30 annunci validi (scartati 18)
18:02:46 [INFO]   Pagina 15: https://www.subito.it/annunci-italia/vendita/usato/?q=xbox+360+console&o=15
18:02:48 [INFO]   → 12/30 annunci validi (scartati 18)
18:02:48 [INFO]   Pagina 16: https://www.subito.it/annunci-italia/vendita/usato/?q=xbox+360+console&o=16
18:02:49 [INFO]   → 11/30 annunci validi (scartati 19)
18:02:49 [INFO]   Pagina 17: https://www.subito.it/annunci-italia/vendita/usato/?q=xbox+360+console&o=17
18:02:52 [INFO]   → 11/30 annunci validi (scartati 19)
18:02:52 [INFO]   Pagina 18: https://www.subito.it/annunci-italia/vendita/usato/?q=xbox+360+console&o=18
18:02:53 [INFO]   → 15/30 annunci validi (scartati 15)
18:02:53 [INFO]   Pagina 19: https://www.subito.it/annunci-italia/vendita/usato/?q=xbox+360+console&o=19
18:02:55 [INFO]   → 9/30 annunci validi (scartati 21)
18:02:55 [INFO]   Pagina 20: https://www.subito.it/annunci-italia/vendita/usato/?q=xbox+360+console&o=20
18:02:56 [INFO]   → 15/30 annunci validi (scartati 15)
18:02:56 [INFO]   Pagina 21: https://www.subito.it/annunci-italia/vendita/usato/?q=xbox+360+console&o=21
18:02:58 [INFO]   → 14/30 annunci validi (scartati 16)
18:02:58 [INFO]   Pagina 22: https://www.subito.it/annunci-italia/vendita/usato/?q=xbox+360+console&o=22
18:02:59 [INFO]   → 14/30 annunci validi (scartati 16)
18:02:59 [INFO]   Pagina 23: https://www.subito.it/annunci-italia/vendita/usato/?q=xbox+360+console&o=23
18:03:01 [INFO]   → 14/30 annunci validi (scartati 16)
18:03:01 [INFO]   Pagina 24: https://www.subito.it/annunci-italia/vendita/usato/?q=xbox+360+console&o=24
18:03:04 [INFO]   → 12/30 annunci validi (scartati 18)
18:03:04 [INFO]   Pagina 25: https://www.subito.it/annunci-italia/vendita/usato/?q=xbox+360+console&o=25
18:03:05 [INFO]   → 14/30 annunci validi (scartati 16)
18:03:05 [INFO]   Pagina 26: https://www.subito.it/annunci-italia/vendita/usato/?q=xbox+360+console&o=26
18:03:08 [INFO]   → 9/30 annunci validi (scartati 21)
18:03:08 [INFO]   Pagina 27: https://www.subito.it/annunci-italia/vendita/usato/?q=xbox+360+console&o=27
18:03:09 [INFO]   → 9/30 annunci validi (scartati 21)
18:03:09 [INFO]   Pagina 28: https://www.subito.it/annunci-italia/vendita/usato/?q=xbox+360+console&o=28
18:03:10 [INFO]   → 9/30 annunci validi (scartati 21)
18:03:10 [INFO]   Pagina 29: https://www.subito.it/annunci-italia/vendita/usato/?q=xbox+360+console&o=29
18:03:11 [INFO]   → 12/30 annunci validi (scartati 18)
18:03:11 [INFO]   Pagina 30: https://www.subito.it/annunci-italia/vendita/usato/?q=xbox+360+console&o=30
18:03:13 [INFO]   → 11/30 annunci validi (scartati 19)
18:03:13 [INFO] Query: Xbox Original — 'xbox original console'
18:03:13 [INFO]   Pagina 1: https://www.subito.it/annunci-italia/vendita/usato/?q=xbox+original+console
18:03:15 [INFO]   → 11/30 annunci validi (scartati 19)
18:03:15 [INFO]   Pagina 2: https://www.subito.it/annunci-italia/vendita/usato/?q=xbox+original+console&o=2
18:03:20 [INFO]   → 12/30 annunci validi (scartati 18)
18:03:20 [INFO]   Pagina 3: https://www.subito.it/annunci-italia/vendita/usato/?q=xbox+original+console&o=3
18:03:22 [INFO]   → 11/30 annunci validi (scartati 19)
18:03:22 [INFO]   Pagina 4: https://www.subito.it/annunci-italia/vendita/usato/?q=xbox+original+console&o=4
18:03:24 [INFO]   → 14/30 annunci validi (scartati 16)
18:03:24 [INFO]   Pagina 5: https://www.subito.it/annunci-italia/vendita/usato/?q=xbox+original+console&o=5
18:03:26 [INFO]   → 10/30 annunci validi (scartati 20)
18:03:26 [INFO]   Pagina 6: https://www.subito.it/annunci-italia/vendita/usato/?q=xbox+original+console&o=6
18:03:28 [INFO]   → 8/30 annunci validi (scartati 22)
18:03:28 [INFO]   Pagina 7: https://www.subito.it/annunci-italia/vendita/usato/?q=xbox+original+console&o=7
18:03:30 [INFO]   → 11/30 annunci validi (scartati 19)
18:03:30 [INFO]   Pagina 8: https://www.subito.it/annunci-italia/vendita/usato/?q=xbox+original+console&o=8
18:03:35 [INFO]   → 11/30 annunci validi (scartati 19)
18:03:35 [INFO]   Pagina 9: https://www.subito.it/annunci-italia/vendita/usato/?q=xbox+original+console&o=9
18:04:11 [INFO]   → 8/30 annunci validi (scartati 22)
18:04:11 [INFO]   Pagina 10: https://www.subito.it/annunci-italia/vendita/usato/?q=xbox+original+console&o=10
18:04:13 [INFO]   → 13/30 annunci validi (scartati 17)
18:04:13 [INFO]   Pagina 11: https://www.subito.it/annunci-italia/vendita/usato/?q=xbox+original+console&o=11
18:04:16 [INFO]   → 8/30 annunci validi (scartati 22)
18:04:16 [INFO]   Pagina 12: https://www.subito.it/annunci-italia/vendita/usato/?q=xbox+original+console&o=12
18:04:21 [INFO]   → 11/30 annunci validi (scartati 19)
18:04:21 [INFO]   Pagina 13: https://www.subito.it/annunci-italia/vendita/usato/?q=xbox+original+console&o=13
18:04:25 [INFO]   → 7/30 annunci validi (scartati 23)
18:04:25 [INFO]   Pagina 14: https://www.subito.it/annunci-italia/vendita/usato/?q=xbox+original+console&o=14
18:04:28 [INFO]   → 12/30 annunci validi (scartati 18)
18:04:28 [INFO]   Pagina 15: https://www.subito.it/annunci-italia/vendita/usato/?q=xbox+original+console&o=15
18:04:30 [INFO]   → 8/30 annunci validi (scartati 22)
18:04:30 [INFO]   Pagina 16: https://www.subito.it/annunci-italia/vendita/usato/?q=xbox+original+console&o=16
18:04:31 [INFO]   → 6/30 annunci validi (scartati 24)
18:04:31 [INFO]   Pagina 17: https://www.subito.it/annunci-italia/vendita/usato/?q=xbox+original+console&o=17
18:04:33 [INFO]   → 9/30 annunci validi (scartati 21)
18:04:33 [INFO]   Pagina 18: https://www.subito.it/annunci-italia/vendita/usato/?q=xbox+original+console&o=18
18:04:34 [INFO]   → 11/30 annunci validi (scartati 19)
18:04:34 [INFO]   Pagina 19: https://www.subito.it/annunci-italia/vendita/usato/?q=xbox+original+console&o=19
18:04:35 [INFO]   → 5/30 annunci validi (scartati 25)
18:04:35 [INFO]   Pagina 20: https://www.subito.it/annunci-italia/vendita/usato/?q=xbox+original+console&o=20
18:04:37 [INFO]   → 7/30 annunci validi (scartati 23)
18:04:37 [INFO]   Pagina 21: https://www.subito.it/annunci-italia/vendita/usato/?q=xbox+original+console&o=21
18:04:38 [INFO]   → 10/30 annunci validi (scartati 20)
18:04:38 [INFO]   Pagina 22: https://www.subito.it/annunci-italia/vendita/usato/?q=xbox+original+console&o=22
18:04:39 [INFO]   → 17/30 annunci validi (scartati 13)
18:04:39 [INFO]   Pagina 23: https://www.subito.it/annunci-italia/vendita/usato/?q=xbox+original+console&o=23
18:04:40 [INFO]   → 7/30 annunci validi (scartati 23)
18:04:40 [INFO]   Pagina 24: https://www.subito.it/annunci-italia/vendita/usato/?q=xbox+original+console&o=24
18:04:42 [INFO]   → 9/30 annunci validi (scartati 21)
18:04:42 [INFO]   Pagina 25: https://www.subito.it/annunci-italia/vendita/usato/?q=xbox+original+console&o=25
18:04:44 [INFO]   → 11/30 annunci validi (scartati 19)
18:04:44 [INFO]   Pagina 26: https://www.subito.it/annunci-italia/vendita/usato/?q=xbox+original+console&o=26
18:04:45 [INFO]   → 10/30 annunci validi (scartati 20)
18:04:45 [INFO]   Pagina 27: https://www.subito.it/annunci-italia/vendita/usato/?q=xbox+original+console&o=27
18:04:47 [INFO]   → 12/30 annunci validi (scartati 18)
18:04:47 [INFO]   Pagina 28: https://www.subito.it/annunci-italia/vendita/usato/?q=xbox+original+console&o=28
18:04:48 [INFO]   → 15/30 annunci validi (scartati 15)
18:04:48 [INFO]   Pagina 29: https://www.subito.it/annunci-italia/vendita/usato/?q=xbox+original+console&o=29
18:04:50 [INFO]   → 5/30 annunci validi (scartati 25)
18:04:50 [INFO]   Pagina 30: https://www.subito.it/annunci-italia/vendita/usato/?q=xbox+original+console&o=30
18:04:52 [INFO]   → 11/30 annunci validi (scartati 19)
18:04:52 [INFO] Annunci unici dopo deduplica: 1002 (da 1374 totali)
18:04:52 [INFO] Totale annunci unici: 1002
18:04:52 [INFO] Salvato: subito_2026-03-18_18-04-52.json  (1002 prodotti)
18:04:52 [INFO] Subito DB aggiornato — nuovi: 6 | prezzi cambiati: 2 | disponibilita' cambiata: 26 | invariati: 968
18:04:52 [INFO] Refilter Subito DB: 25 annunci marcati non disponibili
18:04:52 [INFO] Subito: rimossi 25 annunci da filtri aggiornati
18:04:52 [INFO] Alert soglie (CEX - 22% IVA): {'360': '€37', 'one': '€62', 'one-s': '€74', 'one-x': '€164', 'original': '€66', 'series-s': '€183', 'series-x': '€355'}
18:04:52 [INFO] Notifica inviata: 🎮 Deal Xbox 360! — €25 (soglia €37) · Torino — Messanger Kit Originale per Xbox 360 NUOVO
18:04:53 [INFO] Notifica inviata: 🎮 Deal Xbox One! — €40 (soglia €62) · Bari — EA FC 26 XBOX ONE/SERIES X/S
18:04:53 [INFO] Notifica inviata: 🎮 Deal Xbox One S! — €40 (soglia €74) · Brescia — Xbox one S
18:04:53 [INFO] Notifica inviata: 🎮 Deal Xbox One X! — €140 (soglia €164) · Milano — Xbox One X: 1TB
18:04:53 [INFO] Notifica inviata: 🎮 Deal Xbox One X! — €140 (soglia €164) · Torino — Xbox One X 1TB
18:04:53 [INFO] Notifica inviata: 🎮 Deal Xbox One X! — €140 (soglia €164) · Capaccio Paestum — xbox one x 1tb
18:04:53 [INFO] Notifica inviata: 🎮 Deal Xbox One X! — €145 (soglia €164) · Roma — Xbox One X 1 TB (1000 GB)
18:04:54 [INFO] Notifica inviata: 🎮 Deal Xbox One X! — €145 (soglia €164) · Latina — XBOX ONE X - 1 TERA B
18:04:54 [INFO] Notifica inviata: 🎮 Deal Xbox One X! — €145 (soglia €164) · Roma — Xbox One x 1T
18:04:54 [INFO] Notifica inviata: 🎮 Deal Xbox One X! — €149 (soglia €164) · Roma — Xbox One X 1TB  + Accessori TV & Media
18:04:54 [INFO] Notifica inviata: 🎮 Deal Xbox One X! — €150 (soglia €164) · Cornuda — Xbox One X
18:04:54 [INFO] Notifica inviata: 🎮 Deal Xbox One X! — €150 (soglia €164) · Talamello — Xbox One X
18:04:54 [INFO] Notifica inviata: 🎮 Deal Xbox One X! — €150 (soglia €164) · Milano — XBOX One X
18:04:54 [INFO] Notifica inviata: 🎮 Deal Xbox One X! — €150 (soglia €164) · Vertova — Xbox one x 1tb
18:04:55 [INFO] Notifica inviata: 🎮 Deal Xbox One X! — €150 (soglia €164) · Lodi — Xbox one X e Xbox one
18:04:55 [INFO] Notifica inviata: 🎮 Deal Xbox One X! — €150 (soglia €164) · Reggio nell'Emilia — Xbox One X, Edizione Limitata Project Scorpio
18:04:55 [INFO] Notifica inviata: 🎮 Deal Xbox One X! — €150 (soglia €164) · San Benedetto del Tronto — XBOX ONE X 1 TB 4K
18:04:55 [INFO] Notifica inviata: 🎮 Deal Xbox One X! — €150 (soglia €164) · Campolongo Maggiore — console xbox one x
18:04:55 [INFO] Notifica inviata: 🎮 Deal Xbox One X! — €150 (soglia €164) · Santeramo in Colle — Xbox One X
18:04:55 [INFO] Notifica inviata: 🎮 Deal Xbox One X! — €160 (soglia €164) · Colleferro — Xbox One X - 1TB
18:04:56 [INFO] Notifica inviata: 🎮 Deal Xbox One X! — €160 (soglia €164) · Firenze — xbox one x perfettamente funzionante
18:04:56 [INFO] Notifica inviata: 🎮 Deal Xbox One X! — €160 (soglia €164) · Forli' — Xbox One X Hyperspace edition
18:04:56 [INFO] Notifica inviata: 🎮 Deal Xbox One X! — €160 (soglia €164) · Torino — Xbox one x +1controller
18:04:56 [INFO] Alert: 23 nuove notifiche inviate.
18:04:56 [INFO] Run report scritto in: /Users/luke/Documents/Documenti Principali/Programmazione/trader/logs/run_report_2026-03-18_18-04-56.json
